2007.04.24 13:12 B E:\semester2\Assignments\Website\Site\aboutus.html --> epub.leeds-lcot.ac.uk / aboutus.html
2007.04.24 13:12 B E:\semester2\Assignments\Website\Site\contactus.html --> epub.leeds-lcot.ac.uk / contactus.html
2007.04.24 13:12 B E:\semester2\Assignments\Website\Site\events.html --> epub.leeds-lcot.ac.uk / events.html
2007.04.24 13:12 B E:\semester2\Assignments\Website\Site\feedback.html --> epub.leeds-lcot.ac.uk / feedback.html
2007.04.24 13:12 B E:\semester2\Assignments\Website\Site\feedbackthankyou.html --> epub.leeds-lcot.ac.uk / feedbackthankyou.html
2007.04.24 13:12 B E:\semester2\Assignments\Website\Site\gallery.html --> epub.leeds-lcot.ac.uk / gallery.html
2007.04.24 13:12 B E:\semester2\Assignments\Website\Site\game.html --> epub.leeds-lcot.ac.uk / game.html
2007.04.24 13:12 B E:\semester2\Assignments\Website\Site\han.html --> epub.leeds-lcot.ac.uk / han.html
2007.04.24 13:12 B E:\semester2\Assignments\Website\Site\index.html --> epub.leeds-lcot.ac.uk / index.html
2007.04.24 13:12 B E:\semester2\Assignments\Website\Site\liveclock.js --> epub.leeds-lcot.ac.uk / liveclock.js
2007.04.24 13:12 B E:\semester2\Assignments\Website\Site\location.html --> epub.leeds-lcot.ac.uk / location.html
2007.04.24 13:12 B E:\semester2\Assignments\Website\Site\openning.html --> epub.leeds-lcot.ac.uk / openning.html
2007.04.24 13:12 B E:\semester2\Assignments\Website\Site\ourservices.html --> epub.leeds-lcot.ac.uk / ourservices.html
2007.04.24 13:12 B E:\semester2\Assignments\Website\Site\prices.html --> epub.leeds-lcot.ac.uk / prices.html
2007.04.24 13:12 B E:\semester2\Assignments\Website\Site\style.css --> epub.leeds-lcot.ac.uk / style.css
2007.04.25 11:10 B E:\semester2\Assignments\Website\Site\aboutus.html --> epub.leeds-lcot.ac.uk / aboutus.html
2007.04.25 11:10 B E:\semester2\Assignments\Website\Site\contactus.html --> epub.leeds-lcot.ac.uk / contactus.html
2007.04.25 11:10 B E:\semester2\Assignments\Website\Site\events.html --> epub.leeds-lcot.ac.uk / events.html
2007.04.25 11:10 B E:\semester2\Assignments\Website\Site\feedback.html --> epub.leeds-lcot.ac.uk / feedback.html
2007.04.25 11:10 B E:\semester2\Assignments\Website\Site\feedbackthankyou.html --> epub.leeds-lcot.ac.uk / feedbackthankyou.html
2007.04.25 11:10 B E:\semester2\Assignments\Website\Site\gallery.html --> epub.leeds-lcot.ac.uk / gallery.html
2007.04.25 11:10 B E:\semester2\Assignments\Website\Site\game.html --> epub.leeds-lcot.ac.uk / game.html
2007.04.25 11:10 B E:\semester2\Assignments\Website\Site\han.html --> epub.leeds-lcot.ac.uk / han.html
2007.04.25 11:10 B E:\semester2\Assignments\Website\Site\index.html --> epub.leeds-lcot.ac.uk / index.html
2007.04.25 11:10 B E:\semester2\Assignments\Website\Site\liveclock.js --> epub.leeds-lcot.ac.uk / liveclock.js
2007.04.25 11:10 B E:\semester2\Assignments\Website\Site\location.html --> epub.leeds-lcot.ac.uk / location.html
2007.04.25 11:10 B E:\semester2\Assignments\Website\Site\openning.html --> epub.leeds-lcot.ac.uk / openning.html
2007.04.25 11:10 B E:\semester2\Assignments\Website\Site\ourservices.html --> epub.leeds-lcot.ac.uk / ourservices.html
2007.04.25 11:10 B E:\semester2\Assignments\Website\Site\prices.html --> epub.leeds-lcot.ac.uk / prices.html
2007.04.25 11:10 B E:\semester2\Assignments\Website\Site\style.css --> epub.leeds-lcot.ac.uk / style.css
2007.04.25 11:15 B E:\semester2\Assignments\Website\Site\feedback.html --> epub.leeds-lcot.ac.uk / feedback.html
2007.04.25 12:05 B E:\semester2\Assignments\Website\Site\aboutus.html --> epub.leeds-lcot.ac.uk / aboutus.html
2007.04.25 12:05 B E:\semester2\Assignments\Website\Site\contactus.html --> epub.leeds-lcot.ac.uk / contactus.html
2007.04.25 12:05 B E:\semester2\Assignments\Website\Site\events.html --> epub.leeds-lcot.ac.uk / events.html
2007.04.25 12:05 B E:\semester2\Assignments\Website\Site\feedback.html --> epub.leeds-lcot.ac.uk / feedback.html
2007.04.25 12:05 B E:\semester2\Assignments\Website\Site\feedbackthankyou.html --> epub.leeds-lcot.ac.uk / feedbackthankyou.html
2007.04.25 12:05 B E:\semester2\Assignments\Website\Site\gallery.html --> epub.leeds-lcot.ac.uk / gallery.html
2007.04.25 12:05 B E:\semester2\Assignments\Website\Site\game.html --> epub.leeds-lcot.ac.uk / game.html
2007.04.25 12:05 B E:\semester2\Assignments\Website\Site\han.html --> epub.leeds-lcot.ac.uk / han.html
2007.04.25 12:05 B E:\semester2\Assignments\Website\Site\index.html --> epub.leeds-lcot.ac.uk / index.html
2007.04.25 12:05 B E:\semester2\Assignments\Website\Site\liveclock.js --> epub.leeds-lcot.ac.uk / liveclock.js
2007.04.25 12:05 B E:\semester2\Assignments\Website\Site\location.html --> epub.leeds-lcot.ac.uk / location.html
2007.04.25 12:05 B E:\semester2\Assignments\Website\Site\opening.html --> epub.leeds-lcot.ac.uk / opening.html
2007.04.25 12:05 B E:\semester2\Assignments\Website\Site\ourservices.html --> epub.leeds-lcot.ac.uk / ourservices.html
2007.04.25 12:05 B E:\semester2\Assignments\Website\Site\prices.html --> epub.leeds-lcot.ac.uk / prices.html
2007.04.25 12:05 B E:\semester2\Assignments\Website\Site\style.css --> epub.leeds-lcot.ac.uk / style.css
2007.05.02 11:48 B E:\semester2\Assignments\Website\Site\aboutus.html --> epub.leeds-lcot.ac.uk / aboutus.html
2007.05.02 11:48 B E:\semester2\Assignments\Website\Site\contactus.html --> epub.leeds-lcot.ac.uk / contactus.html
2007.05.02 11:48 B E:\semester2\Assignments\Website\Site\events.html --> epub.leeds-lcot.ac.uk / events.html
2007.05.02 11:48 B E:\semester2\Assignments\Website\Site\feedback.html --> epub.leeds-lcot.ac.uk / feedback.html
2007.05.02 11:48 B E:\semester2\Assignments\Website\Site\feedbackthankyou.html --> epub.leeds-lcot.ac.uk / feedbackthankyou.html
2007.05.02 11:48 B E:\semester2\Assignments\Website\Site\gallery.html --> epub.leeds-lcot.ac.uk / gallery.html
2007.05.02 11:48 B E:\semester2\Assignments\Website\Site\game.html --> epub.leeds-lcot.ac.uk / game.html
2007.05.02 11:48 B E:\semester2\Assignments\Website\Site\han.html --> epub.leeds-lcot.ac.uk / han.html
2007.05.02 11:48 B E:\semester2\Assignments\Website\Site\index.html --> epub.leeds-lcot.ac.uk / index.html
2007.05.02 11:48 B E:\semester2\Assignments\Website\Site\liveclock.js --> epub.leeds-lcot.ac.uk / liveclock.js
2007.05.02 11:48 B E:\semester2\Assignments\Website\Site\location.html --> epub.leeds-lcot.ac.uk / location.html
2007.05.02 11:48 B E:\semester2\Assignments\Website\Site\opening.html --> epub.leeds-lcot.ac.uk / opening.html
2007.05.02 11:48 B E:\semester2\Assignments\Website\Site\ourservices.html --> epub.leeds-lcot.ac.uk / ourservices.html
2007.05.02 11:48 B E:\semester2\Assignments\Website\Site\prices.html --> epub.leeds-lcot.ac.uk / prices.html
2007.05.02 11:48 B E:\semester2\Assignments\Website\Site\style.css --> epub.leeds-lcot.ac.uk / style.css
